{"/Users/rehan/Documents/HACKTIV8/IP/ip-RehanNarwindo/server/app.js": {"path":"/Users/rehan/Documents/HACKTIV8/IP/ip-RehanNarwindo/server/app.js","statementMap":{"0":{"start":{"line":1,"column":0},"end":{"line":3,"column":1}},"1":{"start":{"line":2,"column":2},"end":{"line":2,"column":29}},"2":{"start":{"line":4,"column":16},"end":{"line":4,"column":34}},"3":{"start":{"line":5,"column":12},"end":{"line":5,"column":21}},"4":{"start":{"line":6,"column":13},"end":{"line":6,"column":17}},"5":{"start":{"line":7,"column":14},"end":{"line":7,"column":40}},"6":{"start":{"line":8,"column":21},"end":{"line":8,"column":58}},"7":{"start":{"line":9,"column":13},"end":{"line":9,"column":28}},"8":{"start":{"line":11,"column":0},"end":{"line":11,"column":49}},"9":{"start":{"line":12,"column":0},"end":{"line":12,"column":24}},"10":{"start":{"line":13,"column":0},"end":{"line":13,"column":16}},"11":{"start":{"line":16,"column":0},"end":{"line":16,"column":20}},"12":{"start":{"line":17,"column":0},"end":{"line":17,"column":22}},"13":{"start":{"line":23,"column":0},"end":{"line":23,"column":21}}},"fnMap":{},"branchMap":{"0":{"loc":{"start":{"line":1,"column":0},"end":{"line":3,"column":1}},"type":"if","locations":[{"start":{"line":1,"column":0},"end":{"line":3,"column":1}},{"start":{},"end":{}}],"line":1}},"s":{"0":4,"1":4,"2":4,"3":4,"4":4,"5":4,"6":4,"7":4,"8":4,"9":4,"10":4,"11":4,"12":4,"13":4},"f":{},"b":{"0":[4,0]},"_coverageSchema":"1a1c01bbd47fc00a2c39e90264f33305004495a9","hash":"56da6e69694ad0bf16df37fb4755ac5bc27a8661"}
,"/Users/rehan/Documents/HACKTIV8/IP/ip-RehanNarwindo/server/controllers/HomeController.js": {"path":"/Users/rehan/Documents/HACKTIV8/IP/ip-RehanNarwindo/server/controllers/HomeController.js","statementMap":{"0":{"start":{"line":1,"column":25},"end":{"line":1,"column":60}},"1":{"start":{"line":2,"column":12},"end":{"line":2,"column":36}},"2":{"start":{"line":6,"column":4},"end":{"line":30,"column":5}},"3":{"start":{"line":7,"column":21},"end":{"line":7,"column":30}},"4":{"start":{"line":8,"column":6},"end":{"line":12,"column":7}},"5":{"start":{"line":9,"column":8},"end":{"line":9,"column":17}},"6":{"start":{"line":11,"column":8},"end":{"line":11,"column":28}},"7":{"start":{"line":13,"column":23},"end":{"line":25,"column":8}},"8":{"start":{"line":27,"column":6},"end":{"line":27,"column":42}},"9":{"start":{"line":29,"column":6},"end":{"line":29,"column":18}},"10":{"start":{"line":33,"column":4},"end":{"line":52,"column":5}},"11":{"start":{"line":34,"column":23},"end":{"line":47,"column":8}},"12":{"start":{"line":49,"column":6},"end":{"line":49,"column":42}},"13":{"start":{"line":51,"column":6},"end":{"line":51,"column":18}},"14":{"start":{"line":56,"column":0},"end":{"line":56,"column":32}}},"fnMap":{"0":{"name":"(anonymous_0)","decl":{"start":{"line":5,"column":2},"end":{"line":5,"column":3}},"loc":{"start":{"line":5,"column":42},"end":{"line":31,"column":3}},"line":5},"1":{"name":"(anonymous_1)","decl":{"start":{"line":32,"column":2},"end":{"line":32,"column":3}},"loc":{"start":{"line":32,"column":46},"end":{"line":53,"column":3}},"line":32}},"branchMap":{"0":{"loc":{"start":{"line":8,"column":6},"end":{"line":12,"column":7}},"type":"if","locations":[{"start":{"line":8,"column":6},"end":{"line":12,"column":7}},{"start":{"line":10,"column":13},"end":{"line":12,"column":7}}],"line":8}},"s":{"0":4,"1":4,"2":2,"3":2,"4":2,"5":1,"6":1,"7":2,"8":2,"9":0,"10":1,"11":1,"12":1,"13":0,"14":4},"f":{"0":2,"1":1},"b":{"0":[1,1]},"_coverageSchema":"1a1c01bbd47fc00a2c39e90264f33305004495a9","hash":"0d8153995614bd9f782ec3f2158d077668607d69"}
,"/Users/rehan/Documents/HACKTIV8/IP/ip-RehanNarwindo/server/controllers/MyClubController.js": {"path":"/Users/rehan/Documents/HACKTIV8/IP/ip-RehanNarwindo/server/controllers/MyClubController.js","statementMap":{"0":{"start":{"line":1,"column":19},"end":{"line":1,"column":45}},"1":{"start":{"line":2,"column":25},"end":{"line":2,"column":60}},"2":{"start":{"line":3,"column":12},"end":{"line":3,"column":36}},"3":{"start":{"line":7,"column":19},"end":{"line":7,"column":27}},"4":{"start":{"line":8,"column":17},"end":{"line":12,"column":6}},"5":{"start":{"line":13,"column":4},"end":{"line":16,"column":5}},"6":{"start":{"line":14,"column":6},"end":{"line":14,"column":41}},"7":{"start":{"line":15,"column":6},"end":{"line":15,"column":13}},"8":{"start":{"line":18,"column":20},"end":{"line":29,"column":6}},"9":{"start":{"line":31,"column":17},"end":{"line":42,"column":6}},"10":{"start":{"line":44,"column":4},"end":{"line":48,"column":7}},"11":{"start":{"line":52,"column":4},"end":{"line":71,"column":5}},"12":{"start":{"line":53,"column":23},"end":{"line":66,"column":8}},"13":{"start":{"line":68,"column":6},"end":{"line":68,"column":55}},"14":{"start":{"line":70,"column":6},"end":{"line":70,"column":18}},"15":{"start":{"line":75,"column":4},"end":{"line":103,"column":5}},"16":{"start":{"line":76,"column":24},"end":{"line":76,"column":35}},"17":{"start":{"line":77,"column":20},"end":{"line":77,"column":31}},"18":{"start":{"line":78,"column":17},"end":{"line":89,"column":8}},"19":{"start":{"line":91,"column":6},"end":{"line":93,"column":7}},"20":{"start":{"line":92,"column":8},"end":{"line":92,"column":46}},"21":{"start":{"line":94,"column":20},"end":{"line":99,"column":8}},"22":{"start":{"line":100,"column":6},"end":{"line":100,"column":34}},"23":{"start":{"line":102,"column":6},"end":{"line":102,"column":18}},"24":{"start":{"line":107,"column":4},"end":{"line":129,"column":5}},"25":{"start":{"line":108,"column":19},"end":{"line":112,"column":8}},"26":{"start":{"line":113,"column":6},"end":{"line":115,"column":7}},"27":{"start":{"line":114,"column":8},"end":{"line":114,"column":41}},"28":{"start":{"line":116,"column":6},"end":{"line":118,"column":7}},"29":{"start":{"line":117,"column":8},"end":{"line":117,"column":39}},"30":{"start":{"line":119,"column":6},"end":{"line":123,"column":9}},"31":{"start":{"line":124,"column":6},"end":{"line":126,"column":9}},"32":{"start":{"line":128,"column":6},"end":{"line":128,"column":18}},"33":{"start":{"line":133,"column":0},"end":{"line":133,"column":35}}},"fnMap":{"0":{"name":"(anonymous_0)","decl":{"start":{"line":6,"column":2},"end":{"line":6,"column":3}},"loc":{"start":{"line":6,"column":38},"end":{"line":49,"column":3}},"line":6},"1":{"name":"(anonymous_1)","decl":{"start":{"line":51,"column":2},"end":{"line":51,"column":3}},"loc":{"start":{"line":51,"column":50},"end":{"line":72,"column":3}},"line":51},"2":{"name":"(anonymous_2)","decl":{"start":{"line":74,"column":2},"end":{"line":74,"column":3}},"loc":{"start":{"line":74,"column":44},"end":{"line":104,"column":3}},"line":74},"3":{"name":"(anonymous_3)","decl":{"start":{"line":106,"column":2},"end":{"line":106,"column":3}},"loc":{"start":{"line":106,"column":44},"end":{"line":130,"column":3}},"line":106}},"branchMap":{"0":{"loc":{"start":{"line":13,"column":4},"end":{"line":16,"column":5}},"type":"if","locations":[{"start":{"line":13,"column":4},"end":{"line":16,"column":5}},{"start":{},"end":{}}],"line":13},"1":{"loc":{"start":{"line":91,"column":6},"end":{"line":93,"column":7}},"type":"if","locations":[{"start":{"line":91,"column":6},"end":{"line":93,"column":7}},{"start":{},"end":{}}],"line":91},"2":{"loc":{"start":{"line":113,"column":6},"end":{"line":115,"column":7}},"type":"if","locations":[{"start":{"line":113,"column":6},"end":{"line":115,"column":7}},{"start":{},"end":{}}],"line":113},"3":{"loc":{"start":{"line":116,"column":6},"end":{"line":118,"column":7}},"type":"if","locations":[{"start":{"line":116,"column":6},"end":{"line":118,"column":7}},{"start":{},"end":{}}],"line":116}},"s":{"0":4,"1":4,"2":4,"3":3,"4":3,"5":3,"6":2,"7":2,"8":1,"9":1,"10":1,"11":1,"12":1,"13":1,"14":0,"15":1,"16":1,"17":1,"18":1,"19":1,"20":0,"21":1,"22":1,"23":0,"24":3,"25":3,"26":3,"27":1,"28":2,"29":1,"30":1,"31":1,"32":2,"33":4},"f":{"0":3,"1":1,"2":1,"3":3},"b":{"0":[2,1],"1":[0,1],"2":[1,2],"3":[1,1]},"_coverageSchema":"1a1c01bbd47fc00a2c39e90264f33305004495a9","hash":"b961890cda5ebce73833b47ac43089bd691a7980"}
,"/Users/rehan/Documents/HACKTIV8/IP/ip-RehanNarwindo/server/controllers/MyDreamClubController.js": {"path":"/Users/rehan/Documents/HACKTIV8/IP/ip-RehanNarwindo/server/controllers/MyDreamClubController.js","statementMap":{"0":{"start":{"line":1,"column":39},"end":{"line":1,"column":65}},"1":{"start":{"line":2,"column":25},"end":{"line":2,"column":60}},"2":{"start":{"line":3,"column":12},"end":{"line":3,"column":36}},"3":{"start":{"line":4,"column":15},"end":{"line":4,"column":32}},"4":{"start":{"line":6,"column":15},"end":{"line":8,"column":2}},"5":{"start":{"line":12,"column":4},"end":{"line":58,"column":5}},"6":{"start":{"line":13,"column":28},"end":{"line":13,"column":41}},"7":{"start":{"line":14,"column":17},"end":{"line":14,"column":30}},"8":{"start":{"line":15,"column":20},"end":{"line":15,"column":36}},"9":{"start":{"line":16,"column":20},"end":{"line":16,"column":31}},"10":{"start":{"line":18,"column":6},"end":{"line":20,"column":7}},"11":{"start":{"line":19,"column":8},"end":{"line":19,"column":53}},"12":{"start":{"line":22,"column":18},"end":{"line":27,"column":8}},"13":{"start":{"line":29,"column":21},"end":{"line":41,"column":7}},"14":{"start":{"line":42,"column":6},"end":{"line":52,"column":7}},"15":{"start":{"line":42,"column":19},"end":{"line":42,"column":20}},"16":{"start":{"line":43,"column":21},"end":{"line":43,"column":32}},"17":{"start":{"line":44,"column":21},"end":{"line":51,"column":10}},"18":{"start":{"line":53,"column":6},"end":{"line":55,"column":9}},"19":{"start":{"line":57,"column":6},"end":{"line":57,"column":18}},"20":{"start":{"line":62,"column":17},"end":{"line":72,"column":6}},"21":{"start":{"line":74,"column":4},"end":{"line":78,"column":5}},"22":{"start":{"line":75,"column":6},"end":{"line":75,"column":43}},"23":{"start":{"line":77,"column":6},"end":{"line":77,"column":37}},"24":{"start":{"line":82,"column":4},"end":{"line":104,"column":5}},"25":{"start":{"line":83,"column":19},"end":{"line":87,"column":8}},"26":{"start":{"line":88,"column":6},"end":{"line":90,"column":7}},"27":{"start":{"line":89,"column":8},"end":{"line":89,"column":46}},"28":{"start":{"line":91,"column":6},"end":{"line":93,"column":7}},"29":{"start":{"line":92,"column":8},"end":{"line":92,"column":39}},"30":{"start":{"line":94,"column":6},"end":{"line":98,"column":9}},"31":{"start":{"line":99,"column":6},"end":{"line":101,"column":9}},"32":{"start":{"line":103,"column":6},"end":{"line":103,"column":18}},"33":{"start":{"line":108,"column":4},"end":{"line":130,"column":5}},"34":{"start":{"line":109,"column":21},"end":{"line":111,"column":8}},"35":{"start":{"line":113,"column":25},"end":{"line":113,"column":33}},"36":{"start":{"line":115,"column":6},"end":{"line":117,"column":7}},"37":{"start":{"line":116,"column":8},"end":{"line":116,"column":43}},"38":{"start":{"line":119,"column":23},"end":{"line":124,"column":8}},"39":{"start":{"line":125,"column":23},"end":{"line":125,"column":43}},"40":{"start":{"line":127,"column":6},"end":{"line":127,"column":41}},"41":{"start":{"line":129,"column":6},"end":{"line":129,"column":18}},"42":{"start":{"line":134,"column":4},"end":{"line":153,"column":5}},"43":{"start":{"line":135,"column":23},"end":{"line":148,"column":8}},"44":{"start":{"line":150,"column":6},"end":{"line":150,"column":57}},"45":{"start":{"line":152,"column":6},"end":{"line":152,"column":18}},"46":{"start":{"line":157,"column":4},"end":{"line":203,"column":5}},"47":{"start":{"line":158,"column":22},"end":{"line":158,"column":39}},"48":{"start":{"line":159,"column":24},"end":{"line":159,"column":43}},"49":{"start":{"line":160,"column":17},"end":{"line":164,"column":8}},"50":{"start":{"line":165,"column":6},"end":{"line":167,"column":7}},"51":{"start":{"line":166,"column":8},"end":{"line":166,"column":41}},"52":{"start":{"line":169,"column":19},"end":{"line":180,"column":8}},"53":{"start":{"line":181,"column":6},"end":{"line":183,"column":7}},"54":{"start":{"line":182,"column":8},"end":{"line":182,"column":41}},"55":{"start":{"line":185,"column":6},"end":{"line":197,"column":8}},"56":{"start":{"line":198,"column":6},"end":{"line":200,"column":9}},"57":{"start":{"line":202,"column":6},"end":{"line":202,"column":18}},"58":{"start":{"line":207,"column":0},"end":{"line":207,"column":40}}},"fnMap":{"0":{"name":"(anonymous_0)","decl":{"start":{"line":11,"column":2},"end":{"line":11,"column":3}},"loc":{"start":{"line":11,"column":49},"end":{"line":59,"column":3}},"line":11},"1":{"name":"(anonymous_1)","decl":{"start":{"line":61,"column":2},"end":{"line":61,"column":3}},"loc":{"start":{"line":61,"column":46},"end":{"line":79,"column":3}},"line":61},"2":{"name":"(anonymous_2)","decl":{"start":{"line":81,"column":2},"end":{"line":81,"column":3}},"loc":{"start":{"line":81,"column":49},"end":{"line":105,"column":3}},"line":81},"3":{"name":"(anonymous_3)","decl":{"start":{"line":107,"column":2},"end":{"line":107,"column":3}},"loc":{"start":{"line":107,"column":44},"end":{"line":131,"column":3}},"line":107},"4":{"name":"(anonymous_4)","decl":{"start":{"line":133,"column":2},"end":{"line":133,"column":3}},"loc":{"start":{"line":133,"column":52},"end":{"line":154,"column":3}},"line":133},"5":{"name":"(anonymous_5)","decl":{"start":{"line":156,"column":2},"end":{"line":156,"column":3}},"loc":{"start":{"line":156,"column":41},"end":{"line":204,"column":3}},"line":156}},"branchMap":{"0":{"loc":{"start":{"line":18,"column":6},"end":{"line":20,"column":7}},"type":"if","locations":[{"start":{"line":18,"column":6},"end":{"line":20,"column":7}},{"start":{},"end":{}}],"line":18},"1":{"loc":{"start":{"line":18,"column":10},"end":{"line":18,"column":47}},"type":"binary-expr","locations":[{"start":{"line":18,"column":10},"end":{"line":18,"column":26}},{"start":{"line":18,"column":30},"end":{"line":18,"column":35}},{"start":{"line":18,"column":39},"end":{"line":18,"column":47}}],"line":18},"2":{"loc":{"start":{"line":74,"column":4},"end":{"line":78,"column":5}},"type":"if","locations":[{"start":{"line":74,"column":4},"end":{"line":78,"column":5}},{"start":{"line":76,"column":11},"end":{"line":78,"column":5}}],"line":74},"3":{"loc":{"start":{"line":88,"column":6},"end":{"line":90,"column":7}},"type":"if","locations":[{"start":{"line":88,"column":6},"end":{"line":90,"column":7}},{"start":{},"end":{}}],"line":88},"4":{"loc":{"start":{"line":91,"column":6},"end":{"line":93,"column":7}},"type":"if","locations":[{"start":{"line":91,"column":6},"end":{"line":93,"column":7}},{"start":{},"end":{}}],"line":91},"5":{"loc":{"start":{"line":115,"column":6},"end":{"line":117,"column":7}},"type":"if","locations":[{"start":{"line":115,"column":6},"end":{"line":117,"column":7}},{"start":{},"end":{}}],"line":115},"6":{"loc":{"start":{"line":165,"column":6},"end":{"line":167,"column":7}},"type":"if","locations":[{"start":{"line":165,"column":6},"end":{"line":167,"column":7}},{"start":{},"end":{}}],"line":165},"7":{"loc":{"start":{"line":181,"column":6},"end":{"line":183,"column":7}},"type":"if","locations":[{"start":{"line":181,"column":6},"end":{"line":183,"column":7}},{"start":{},"end":{}}],"line":181}},"s":{"0":4,"1":4,"2":4,"3":4,"4":4,"5":3,"6":3,"7":3,"8":3,"9":3,"10":3,"11":2,"12":1,"13":1,"14":1,"15":1,"16":11,"17":11,"18":1,"19":2,"20":2,"21":2,"22":1,"23":1,"24":1,"25":1,"26":1,"27":0,"28":1,"29":0,"30":1,"31":1,"32":0,"33":0,"34":0,"35":0,"36":0,"37":0,"38":0,"39":0,"40":0,"41":0,"42":1,"43":1,"44":1,"45":0,"46":2,"47":2,"48":2,"49":2,"50":2,"51":1,"52":1,"53":1,"54":0,"55":1,"56":1,"57":1,"58":4},"f":{"0":3,"1":2,"2":1,"3":0,"4":1,"5":2},"b":{"0":[2,1],"1":[3,1,1],"2":[1,1],"3":[0,1],"4":[0,1],"5":[0,0],"6":[1,1],"7":[0,1]},"_coverageSchema":"1a1c01bbd47fc00a2c39e90264f33305004495a9","hash":"f4a075474b926a708a96a13ff232889b2b7e9e28"}
,"/Users/rehan/Documents/HACKTIV8/IP/ip-RehanNarwindo/server/controllers/UserController.js": {"path":"/Users/rehan/Documents/HACKTIV8/IP/ip-RehanNarwindo/server/controllers/UserController.js","statementMap":{"0":{"start":{"line":1,"column":38},"end":{"line":1,"column":64}},"1":{"start":{"line":2,"column":28},"end":{"line":2,"column":58}},"2":{"start":{"line":3,"column":24},"end":{"line":3,"column":49}},"3":{"start":{"line":4,"column":25},"end":{"line":4,"column":55}},"4":{"start":{"line":5,"column":18},"end":{"line":5,"column":38}},"5":{"start":{"line":6,"column":17},"end":{"line":6,"column":34}},"6":{"start":{"line":7,"column":15},"end":{"line":9,"column":1}},"7":{"start":{"line":11,"column":18},"end":{"line":11,"column":39}},"8":{"start":{"line":14,"column":4},"end":{"line":42,"column":5}},"9":{"start":{"line":15,"column":34},"end":{"line":15,"column":42}},"10":{"start":{"line":16,"column":6},"end":{"line":18,"column":7}},"11":{"start":{"line":17,"column":8},"end":{"line":17,"column":42}},"12":{"start":{"line":19,"column":6},"end":{"line":21,"column":7}},"13":{"start":{"line":20,"column":8},"end":{"line":20,"column":45}},"14":{"start":{"line":22,"column":19},"end":{"line":26,"column":8}},"15":{"start":{"line":27,"column":6},"end":{"line":29,"column":7}},"16":{"start":{"line":28,"column":8},"end":{"line":28,"column":49}},"17":{"start":{"line":30,"column":30},"end":{"line":30,"column":76}},"18":{"start":{"line":31,"column":6},"end":{"line":33,"column":7}},"19":{"start":{"line":32,"column":8},"end":{"line":32,"column":49}},"20":{"start":{"line":34,"column":19},"end":{"line":37,"column":7}},"21":{"start":{"line":38,"column":27},"end":{"line":38,"column":44}},"22":{"start":{"line":39,"column":6},"end":{"line":39,"column":70}},"23":{"start":{"line":41,"column":6},"end":{"line":41,"column":18}},"24":{"start":{"line":45,"column":4},"end":{"line":59,"column":5}},"25":{"start":{"line":46,"column":44},"end":{"line":46,"column":52}},"26":{"start":{"line":47,"column":19},"end":{"line":51,"column":8}},"27":{"start":{"line":52,"column":6},"end":{"line":56,"column":9}},"28":{"start":{"line":58,"column":6},"end":{"line":58,"column":16}},"29":{"start":{"line":62,"column":4},"end":{"line":93,"column":5}},"30":{"start":{"line":63,"column":21},"end":{"line":66,"column":8}},"31":{"start":{"line":67,"column":22},"end":{"line":67,"column":41}},"32":{"start":{"line":69,"column":19},"end":{"line":77,"column":8}},"33":{"start":{"line":79,"column":22},"end":{"line":83,"column":8}},"34":{"start":{"line":85,"column":21},"end":{"line":88,"column":7}},"35":{"start":{"line":89,"column":27},"end":{"line":89,"column":46}},"36":{"start":{"line":90,"column":6},"end":{"line":90,"column":73}},"37":{"start":{"line":92,"column":6},"end":{"line":92,"column":18}},"38":{"start":{"line":97,"column":0},"end":{"line":97,"column":32}}},"fnMap":{"0":{"name":"(anonymous_0)","decl":{"start":{"line":13,"column":2},"end":{"line":13,"column":3}},"loc":{"start":{"line":13,"column":37},"end":{"line":43,"column":3}},"line":13},"1":{"name":"(anonymous_1)","decl":{"start":{"line":44,"column":2},"end":{"line":44,"column":3}},"loc":{"start":{"line":44,"column":40},"end":{"line":60,"column":3}},"line":44},"2":{"name":"(anonymous_2)","decl":{"start":{"line":61,"column":2},"end":{"line":61,"column":3}},"loc":{"start":{"line":61,"column":43},"end":{"line":94,"column":3}},"line":61}},"branchMap":{"0":{"loc":{"start":{"line":16,"column":6},"end":{"line":18,"column":7}},"type":"if","locations":[{"start":{"line":16,"column":6},"end":{"line":18,"column":7}},{"start":{},"end":{}}],"line":16},"1":{"loc":{"start":{"line":19,"column":6},"end":{"line":21,"column":7}},"type":"if","locations":[{"start":{"line":19,"column":6},"end":{"line":21,"column":7}},{"start":{},"end":{}}],"line":19},"2":{"loc":{"start":{"line":27,"column":6},"end":{"line":29,"column":7}},"type":"if","locations":[{"start":{"line":27,"column":6},"end":{"line":29,"column":7}},{"start":{},"end":{}}],"line":27},"3":{"loc":{"start":{"line":31,"column":6},"end":{"line":33,"column":7}},"type":"if","locations":[{"start":{"line":31,"column":6},"end":{"line":33,"column":7}},{"start":{},"end":{}}],"line":31}},"s":{"0":4,"1":4,"2":4,"3":4,"4":4,"5":4,"6":4,"7":4,"8":6,"9":6,"10":6,"11":2,"12":4,"13":1,"14":3,"15":3,"16":1,"17":2,"18":2,"19":1,"20":1,"21":1,"22":1,"23":5,"24":8,"25":8,"26":8,"27":1,"28":7,"29":0,"30":0,"31":0,"32":0,"33":0,"34":0,"35":0,"36":0,"37":0,"38":4},"f":{"0":6,"1":8,"2":0},"b":{"0":[2,4],"1":[1,3],"2":[1,2],"3":[1,1]},"_coverageSchema":"1a1c01bbd47fc00a2c39e90264f33305004495a9","hash":"04b8bc54f4b54f70406b42549df1be96c3f7a069"}
,"/Users/rehan/Documents/HACKTIV8/IP/ip-RehanNarwindo/server/helpers/bcryptPw.js": {"path":"/Users/rehan/Documents/HACKTIV8/IP/ip-RehanNarwindo/server/helpers/bcryptPw.js","statementMap":{"0":{"start":{"line":1,"column":15},"end":{"line":1,"column":34}},"1":{"start":{"line":4,"column":15},"end":{"line":4,"column":37}},"2":{"start":{"line":5,"column":25},"end":{"line":5,"column":56}},"3":{"start":{"line":6,"column":2},"end":{"line":6,"column":24}},"4":{"start":{"line":9,"column":2},"end":{"line":9,"column":44}},"5":{"start":{"line":12,"column":0},"end":{"line":12,"column":51}}},"fnMap":{"0":{"name":"hashPassword","decl":{"start":{"line":3,"column":15},"end":{"line":3,"column":27}},"loc":{"start":{"line":3,"column":38},"end":{"line":7,"column":1}},"line":3},"1":{"name":"comparePassword","decl":{"start":{"line":8,"column":15},"end":{"line":8,"column":30}},"loc":{"start":{"line":8,"column":47},"end":{"line":10,"column":1}},"line":8}},"branchMap":{},"s":{"0":4,"1":0,"2":0,"3":0,"4":2,"5":4},"f":{"0":0,"1":2},"b":{},"_coverageSchema":"1a1c01bbd47fc00a2c39e90264f33305004495a9","hash":"892c8e814788293dcea1797faf285bd7a7e56e17"}
,"/Users/rehan/Documents/HACKTIV8/IP/ip-RehanNarwindo/server/helpers/jwt.js": {"path":"/Users/rehan/Documents/HACKTIV8/IP/ip-RehanNarwindo/server/helpers/jwt.js","statementMap":{"0":{"start":{"line":1,"column":12},"end":{"line":1,"column":35}},"1":{"start":{"line":2,"column":12},"end":{"line":2,"column":34}},"2":{"start":{"line":4,"column":2},"end":{"line":4,"column":29}},"3":{"start":{"line":7,"column":2},"end":{"line":7,"column":32}},"4":{"start":{"line":10,"column":0},"end":{"line":10,"column":45}}},"fnMap":{"0":{"name":"createToken","decl":{"start":{"line":3,"column":9},"end":{"line":3,"column":20}},"loc":{"start":{"line":3,"column":27},"end":{"line":5,"column":1}},"line":3},"1":{"name":"verifToken","decl":{"start":{"line":6,"column":9},"end":{"line":6,"column":19}},"loc":{"start":{"line":6,"column":27},"end":{"line":8,"column":1}},"line":6}},"branchMap":{},"s":{"0":4,"1":4,"2":5,"3":17,"4":4},"f":{"0":5,"1":17},"b":{},"_coverageSchema":"1a1c01bbd47fc00a2c39e90264f33305004495a9","hash":"f744f15a11ec10cfd3b855b80b1799f72cb64a65"}
,"/Users/rehan/Documents/HACKTIV8/IP/ip-RehanNarwindo/server/helpers/transfermarkt.js": {"path":"/Users/rehan/Documents/HACKTIV8/IP/ip-RehanNarwindo/server/helpers/transfermarkt.js","statementMap":{"0":{"start":{"line":1,"column":14},"end":{"line":1,"column":30}},"1":{"start":{"line":3,"column":25},"end":{"line":6,"column":2}},"2":{"start":{"line":8,"column":0},"end":{"line":8,"column":34}}},"fnMap":{},"branchMap":{},"s":{"0":4,"1":4,"2":4},"f":{},"b":{},"_coverageSchema":"1a1c01bbd47fc00a2c39e90264f33305004495a9","hash":"62e4e45fd50a6bb8bae3e22e9671e650291f8d62"}
,"/Users/rehan/Documents/HACKTIV8/IP/ip-RehanNarwindo/server/middlewares/authentication.js": {"path":"/Users/rehan/Documents/HACKTIV8/IP/ip-RehanNarwindo/server/middlewares/authentication.js","statementMap":{"0":{"start":{"line":1,"column":36},"end":{"line":1,"column":61}},"1":{"start":{"line":2,"column":17},"end":{"line":2,"column":43}},"2":{"start":{"line":4,"column":0},"end":{"line":30,"column":2}},"3":{"start":{"line":5,"column":21},"end":{"line":5,"column":46}},"4":{"start":{"line":6,"column":2},"end":{"line":29,"column":3}},"5":{"start":{"line":7,"column":4},"end":{"line":9,"column":5}},"6":{"start":{"line":8,"column":6},"end":{"line":8,"column":38}},"7":{"start":{"line":10,"column":26},"end":{"line":10,"column":49}},"8":{"start":{"line":11,"column":4},"end":{"line":13,"column":5}},"9":{"start":{"line":12,"column":6},"end":{"line":12,"column":38}},"10":{"start":{"line":14,"column":18},"end":{"line":14,"column":35}},"11":{"start":{"line":16,"column":15},"end":{"line":16,"column":46}},"12":{"start":{"line":17,"column":4},"end":{"line":19,"column":5}},"13":{"start":{"line":18,"column":6},"end":{"line":18,"column":38}},"14":{"start":{"line":21,"column":4},"end":{"line":25,"column":6}},"15":{"start":{"line":26,"column":4},"end":{"line":26,"column":11}},"16":{"start":{"line":28,"column":4},"end":{"line":28,"column":14}}},"fnMap":{"0":{"name":"authentication","decl":{"start":{"line":4,"column":32},"end":{"line":4,"column":46}},"loc":{"start":{"line":4,"column":63},"end":{"line":30,"column":1}},"line":4}},"branchMap":{"0":{"loc":{"start":{"line":7,"column":4},"end":{"line":9,"column":5}},"type":"if","locations":[{"start":{"line":7,"column":4},"end":{"line":9,"column":5}},{"start":{},"end":{}}],"line":7},"1":{"loc":{"start":{"line":11,"column":4},"end":{"line":13,"column":5}},"type":"if","locations":[{"start":{"line":11,"column":4},"end":{"line":13,"column":5}},{"start":{},"end":{}}],"line":11},"2":{"loc":{"start":{"line":17,"column":4},"end":{"line":19,"column":5}},"type":"if","locations":[{"start":{"line":17,"column":4},"end":{"line":19,"column":5}},{"start":{},"end":{}}],"line":17}},"s":{"0":4,"1":4,"2":4,"3":17,"4":17,"5":17,"6":0,"7":17,"8":17,"9":0,"10":17,"11":17,"12":17,"13":0,"14":17,"15":17,"16":0},"f":{"0":17},"b":{"0":[0,17],"1":[0,17],"2":[0,17]},"_coverageSchema":"1a1c01bbd47fc00a2c39e90264f33305004495a9","hash":"f6645383cc3b9d951cd048f394ec9cb82ddda3d4"}
,"/Users/rehan/Documents/HACKTIV8/IP/ip-RehanNarwindo/server/middlewares/errorHandler.js": {"path":"/Users/rehan/Documents/HACKTIV8/IP/ip-RehanNarwindo/server/middlewares/errorHandler.js","statementMap":{"0":{"start":{"line":1,"column":0},"end":{"line":63,"column":2}},"1":{"start":{"line":2,"column":15},"end":{"line":2,"column":32}},"2":{"start":{"line":3,"column":16},"end":{"line":3,"column":54}},"3":{"start":{"line":5,"column":2},"end":{"line":59,"column":3}},"4":{"start":{"line":7,"column":6},"end":{"line":7,"column":19}},"5":{"start":{"line":8,"column":6},"end":{"line":8,"column":45}},"6":{"start":{"line":9,"column":6},"end":{"line":9,"column":12}},"7":{"start":{"line":12,"column":6},"end":{"line":12,"column":19}},"8":{"start":{"line":13,"column":6},"end":{"line":13,"column":38}},"9":{"start":{"line":14,"column":6},"end":{"line":14,"column":12}},"10":{"start":{"line":16,"column":6},"end":{"line":16,"column":19}},"11":{"start":{"line":17,"column":6},"end":{"line":17,"column":34}},"12":{"start":{"line":18,"column":6},"end":{"line":18,"column":12}},"13":{"start":{"line":20,"column":6},"end":{"line":20,"column":19}},"14":{"start":{"line":21,"column":6},"end":{"line":21,"column":36}},"15":{"start":{"line":22,"column":6},"end":{"line":22,"column":12}},"16":{"start":{"line":24,"column":6},"end":{"line":24,"column":19}},"17":{"start":{"line":25,"column":6},"end":{"line":25,"column":39}},"18":{"start":{"line":26,"column":6},"end":{"line":26,"column":12}},"19":{"start":{"line":28,"column":6},"end":{"line":28,"column":19}},"20":{"start":{"line":29,"column":6},"end":{"line":29,"column":47}},"21":{"start":{"line":30,"column":6},"end":{"line":30,"column":12}},"22":{"start":{"line":32,"column":6},"end":{"line":32,"column":19}},"23":{"start":{"line":33,"column":6},"end":{"line":33,"column":41}},"24":{"start":{"line":34,"column":6},"end":{"line":34,"column":12}},"25":{"start":{"line":36,"column":6},"end":{"line":36,"column":19}},"26":{"start":{"line":37,"column":6},"end":{"line":37,"column":31}},"27":{"start":{"line":38,"column":6},"end":{"line":38,"column":12}},"28":{"start":{"line":40,"column":6},"end":{"line":40,"column":19}},"29":{"start":{"line":41,"column":6},"end":{"line":41,"column":35}},"30":{"start":{"line":42,"column":6},"end":{"line":42,"column":12}},"31":{"start":{"line":44,"column":6},"end":{"line":44,"column":19}},"32":{"start":{"line":45,"column":6},"end":{"line":45,"column":49}},"33":{"start":{"line":46,"column":6},"end":{"line":46,"column":12}},"34":{"start":{"line":48,"column":6},"end":{"line":48,"column":19}},"35":{"start":{"line":49,"column":6},"end":{"line":49,"column":46}},"36":{"start":{"line":50,"column":6},"end":{"line":50,"column":12}},"37":{"start":{"line":52,"column":6},"end":{"line":52,"column":19}},"38":{"start":{"line":53,"column":6},"end":{"line":53,"column":37}},"39":{"start":{"line":54,"column":6},"end":{"line":54,"column":12}},"40":{"start":{"line":56,"column":6},"end":{"line":56,"column":19}},"41":{"start":{"line":57,"column":6},"end":{"line":57,"column":35}},"42":{"start":{"line":58,"column":6},"end":{"line":58,"column":12}},"43":{"start":{"line":60,"column":2},"end":{"line":62,"column":5}}},"fnMap":{"0":{"name":"errorHandler","decl":{"start":{"line":1,"column":26},"end":{"line":1,"column":38}},"loc":{"start":{"line":1,"column":60},"end":{"line":63,"column":1}},"line":1}},"branchMap":{"0":{"loc":{"start":{"line":2,"column":15},"end":{"line":2,"column":32}},"type":"binary-expr","locations":[{"start":{"line":2,"column":15},"end":{"line":2,"column":25}},{"start":{"line":2,"column":29},"end":{"line":2,"column":32}}],"line":2},"1":{"loc":{"start":{"line":3,"column":16},"end":{"line":3,"column":54}},"type":"binary-expr","locations":[{"start":{"line":3,"column":16},"end":{"line":3,"column":27}},{"start":{"line":3,"column":31},"end":{"line":3,"column":54}}],"line":3},"2":{"loc":{"start":{"line":5,"column":2},"end":{"line":59,"column":3}},"type":"switch","locations":[{"start":{"line":6,"column":4},"end":{"line":9,"column":12}},{"start":{"line":10,"column":4},"end":{"line":10,"column":42}},{"start":{"line":11,"column":4},"end":{"line":14,"column":12}},{"start":{"line":15,"column":4},"end":{"line":18,"column":12}},{"start":{"line":19,"column":4},"end":{"line":22,"column":12}},{"start":{"line":23,"column":4},"end":{"line":26,"column":12}},{"start":{"line":27,"column":4},"end":{"line":30,"column":12}},{"start":{"line":31,"column":4},"end":{"line":34,"column":12}},{"start":{"line":35,"column":4},"end":{"line":38,"column":12}},{"start":{"line":39,"column":4},"end":{"line":42,"column":12}},{"start":{"line":43,"column":4},"end":{"line":46,"column":12}},{"start":{"line":47,"column":4},"end":{"line":50,"column":12}},{"start":{"line":51,"column":4},"end":{"line":54,"column":12}},{"start":{"line":55,"column":4},"end":{"line":58,"column":12}}],"line":5}},"s":{"0":4,"1":17,"2":17,"3":17,"4":0,"5":0,"6":0,"7":7,"8":7,"9":7,"10":0,"11":0,"12":0,"13":2,"14":2,"15":2,"16":1,"17":1,"18":1,"19":2,"20":2,"21":2,"22":0,"23":0,"24":0,"25":1,"26":1,"27":1,"28":1,"29":1,"30":1,"31":2,"32":2,"33":2,"34":0,"35":0,"36":0,"37":0,"38":0,"39":0,"40":1,"41":1,"42":1,"43":17},"f":{"0":17},"b":{"0":[17,17],"1":[17,10],"2":[0,0,7,0,2,1,2,0,1,1,2,0,0,1]},"_coverageSchema":"1a1c01bbd47fc00a2c39e90264f33305004495a9","hash":"60fbe912737196645de3034fe0aa4a61a0dd46d7"}
,"/Users/rehan/Documents/HACKTIV8/IP/ip-RehanNarwindo/server/models/index.js": {"path":"/Users/rehan/Documents/HACKTIV8/IP/ip-RehanNarwindo/server/models/index.js","statementMap":{"0":{"start":{"line":3,"column":11},"end":{"line":3,"column":24}},"1":{"start":{"line":4,"column":13},"end":{"line":4,"column":28}},"2":{"start":{"line":5,"column":18},"end":{"line":5,"column":38}},"3":{"start":{"line":6,"column":16},"end":{"line":6,"column":34}},"4":{"start":{"line":7,"column":17},"end":{"line":7,"column":42}},"5":{"start":{"line":8,"column":12},"end":{"line":8,"column":49}},"6":{"start":{"line":9,"column":15},"end":{"line":9,"column":65}},"7":{"start":{"line":10,"column":11},"end":{"line":10,"column":13}},"8":{"start":{"line":13,"column":0},"end":{"line":22,"column":1}},"9":{"start":{"line":14,"column":2},"end":{"line":14,"column":74}},"10":{"start":{"line":16,"column":2},"end":{"line":21,"column":4}},"11":{"start":{"line":24,"column":0},"end":{"line":39,"column":5}},"12":{"start":{"line":26,"column":4},"end":{"line":31,"column":6}},"13":{"start":{"line":34,"column":18},"end":{"line":37,"column":5}},"14":{"start":{"line":38,"column":4},"end":{"line":38,"column":27}},"15":{"start":{"line":41,"column":0},"end":{"line":45,"column":3}},"16":{"start":{"line":42,"column":2},"end":{"line":44,"column":3}},"17":{"start":{"line":43,"column":4},"end":{"line":43,"column":32}},"18":{"start":{"line":47,"column":0},"end":{"line":47,"column":25}},"19":{"start":{"line":48,"column":0},"end":{"line":48,"column":25}},"20":{"start":{"line":50,"column":0},"end":{"line":50,"column":20}}},"fnMap":{"0":{"name":"(anonymous_0)","decl":{"start":{"line":25,"column":10},"end":{"line":25,"column":11}},"loc":{"start":{"line":25,"column":20},"end":{"line":32,"column":3}},"line":25},"1":{"name":"(anonymous_1)","decl":{"start":{"line":33,"column":11},"end":{"line":33,"column":12}},"loc":{"start":{"line":33,"column":21},"end":{"line":39,"column":3}},"line":33},"2":{"name":"(anonymous_2)","decl":{"start":{"line":41,"column":24},"end":{"line":41,"column":25}},"loc":{"start":{"line":41,"column":39},"end":{"line":45,"column":1}},"line":41}},"branchMap":{"0":{"loc":{"start":{"line":8,"column":12},"end":{"line":8,"column":49}},"type":"binary-expr","locations":[{"start":{"line":8,"column":12},"end":{"line":8,"column":32}},{"start":{"line":8,"column":36},"end":{"line":8,"column":49}}],"line":8},"1":{"loc":{"start":{"line":13,"column":0},"end":{"line":22,"column":1}},"type":"if","locations":[{"start":{"line":13,"column":0},"end":{"line":22,"column":1}},{"start":{"line":15,"column":7},"end":{"line":22,"column":1}}],"line":13},"2":{"loc":{"start":{"line":27,"column":6},"end":{"line":30,"column":37}},"type":"binary-expr","locations":[{"start":{"line":27,"column":6},"end":{"line":27,"column":29}},{"start":{"line":28,"column":6},"end":{"line":28,"column":23}},{"start":{"line":29,"column":6},"end":{"line":29,"column":30}},{"start":{"line":30,"column":6},"end":{"line":30,"column":37}}],"line":27},"3":{"loc":{"start":{"line":42,"column":2},"end":{"line":44,"column":3}},"type":"if","locations":[{"start":{"line":42,"column":2},"end":{"line":44,"column":3}},{"start":{},"end":{}}],"line":42}},"s":{"0":4,"1":4,"2":4,"3":4,"4":4,"5":4,"6":4,"7":4,"8":4,"9":0,"10":4,"11":4,"12":20,"13":16,"14":16,"15":4,"16":16,"17":16,"18":4,"19":4,"20":4},"f":{"0":20,"1":16,"2":16},"b":{"0":[4,0],"1":[0,4],"2":[20,20,16,16],"3":[16,0]},"_coverageSchema":"1a1c01bbd47fc00a2c39e90264f33305004495a9","hash":"35db2ea6b291a084bdffc12493e9fd7fdf49b675"}
,"/Users/rehan/Documents/HACKTIV8/IP/ip-RehanNarwindo/server/models/myclub.js": {"path":"/Users/rehan/Documents/HACKTIV8/IP/ip-RehanNarwindo/server/models/myclub.js","statementMap":{"0":{"start":{"line":2,"column":18},"end":{"line":2,"column":38}},"1":{"start":{"line":3,"column":0},"end":{"line":28,"column":2}},"2":{"start":{"line":12,"column":6},"end":{"line":12,"column":63}},"3":{"start":{"line":15,"column":2},"end":{"line":26,"column":4}},"4":{"start":{"line":27,"column":2},"end":{"line":27,"column":16}}},"fnMap":{"0":{"name":"(anonymous_0)","decl":{"start":{"line":3,"column":17},"end":{"line":3,"column":18}},"loc":{"start":{"line":3,"column":43},"end":{"line":28,"column":1}},"line":3},"1":{"name":"(anonymous_1)","decl":{"start":{"line":10,"column":4},"end":{"line":10,"column":5}},"loc":{"start":{"line":10,"column":29},"end":{"line":13,"column":5}},"line":10}},"branchMap":{},"s":{"0":4,"1":4,"2":4,"3":4,"4":4},"f":{"0":4,"1":4},"b":{},"_coverageSchema":"1a1c01bbd47fc00a2c39e90264f33305004495a9","hash":"754616db9631a3ada7dd94e6f222a33b945b4f5e"}
,"/Users/rehan/Documents/HACKTIV8/IP/ip-RehanNarwindo/server/models/mydreamclub.js": {"path":"/Users/rehan/Documents/HACKTIV8/IP/ip-RehanNarwindo/server/models/mydreamclub.js","statementMap":{"0":{"start":{"line":2,"column":18},"end":{"line":2,"column":38}},"1":{"start":{"line":3,"column":0},"end":{"line":32,"column":2}},"2":{"start":{"line":12,"column":6},"end":{"line":12,"column":68}},"3":{"start":{"line":13,"column":6},"end":{"line":16,"column":9}},"4":{"start":{"line":19,"column":2},"end":{"line":30,"column":4}},"5":{"start":{"line":31,"column":2},"end":{"line":31,"column":21}}},"fnMap":{"0":{"name":"(anonymous_0)","decl":{"start":{"line":3,"column":17},"end":{"line":3,"column":18}},"loc":{"start":{"line":3,"column":43},"end":{"line":32,"column":1}},"line":3},"1":{"name":"(anonymous_1)","decl":{"start":{"line":10,"column":4},"end":{"line":10,"column":5}},"loc":{"start":{"line":10,"column":29},"end":{"line":17,"column":5}},"line":10}},"branchMap":{},"s":{"0":4,"1":4,"2":4,"3":4,"4":4,"5":4},"f":{"0":4,"1":4},"b":{},"_coverageSchema":"1a1c01bbd47fc00a2c39e90264f33305004495a9","hash":"4adc494d2003af1fedcc5a1d80fb4946cdff0c85"}
,"/Users/rehan/Documents/HACKTIV8/IP/ip-RehanNarwindo/server/models/myplayerslist.js": {"path":"/Users/rehan/Documents/HACKTIV8/IP/ip-RehanNarwindo/server/models/myplayerslist.js","statementMap":{"0":{"start":{"line":2,"column":18},"end":{"line":2,"column":38}},"1":{"start":{"line":3,"column":0},"end":{"line":32,"column":2}},"2":{"start":{"line":12,"column":6},"end":{"line":14,"column":9}},"3":{"start":{"line":17,"column":2},"end":{"line":30,"column":4}},"4":{"start":{"line":31,"column":2},"end":{"line":31,"column":23}}},"fnMap":{"0":{"name":"(anonymous_0)","decl":{"start":{"line":3,"column":17},"end":{"line":3,"column":18}},"loc":{"start":{"line":3,"column":43},"end":{"line":32,"column":1}},"line":3},"1":{"name":"(anonymous_1)","decl":{"start":{"line":10,"column":4},"end":{"line":10,"column":5}},"loc":{"start":{"line":10,"column":29},"end":{"line":15,"column":5}},"line":10}},"branchMap":{},"s":{"0":4,"1":4,"2":4,"3":4,"4":4},"f":{"0":4,"1":4},"b":{},"_coverageSchema":"1a1c01bbd47fc00a2c39e90264f33305004495a9","hash":"e3189bb3b990cddb9d58535dd72e0f9241c8776a"}
,"/Users/rehan/Documents/HACKTIV8/IP/ip-RehanNarwindo/server/models/user.js": {"path":"/Users/rehan/Documents/HACKTIV8/IP/ip-RehanNarwindo/server/models/user.js","statementMap":{"0":{"start":{"line":2,"column":18},"end":{"line":2,"column":38}},"1":{"start":{"line":3,"column":15},"end":{"line":3,"column":34}},"2":{"start":{"line":4,"column":0},"end":{"line":84,"column":2}},"3":{"start":{"line":13,"column":6},"end":{"line":16,"column":9}},"4":{"start":{"line":17,"column":6},"end":{"line":20,"column":9}},"5":{"start":{"line":23,"column":2},"end":{"line":82,"column":4}},"6":{"start":{"line":75,"column":21},"end":{"line":75,"column":43}},"7":{"start":{"line":76,"column":10},"end":{"line":76,"column":63}},"8":{"start":{"line":83,"column":2},"end":{"line":83,"column":14}}},"fnMap":{"0":{"name":"(anonymous_0)","decl":{"start":{"line":4,"column":17},"end":{"line":4,"column":18}},"loc":{"start":{"line":4,"column":43},"end":{"line":84,"column":1}},"line":4},"1":{"name":"(anonymous_1)","decl":{"start":{"line":11,"column":4},"end":{"line":11,"column":5}},"loc":{"start":{"line":11,"column":29},"end":{"line":21,"column":5}},"line":11},"2":{"name":"(anonymous_2)","decl":{"start":{"line":74,"column":22},"end":{"line":74,"column":23}},"loc":{"start":{"line":74,"column":41},"end":{"line":77,"column":9}},"line":74}},"branchMap":{},"s":{"0":4,"1":4,"2":4,"3":4,"4":4,"5":4,"6":6,"7":6,"8":4},"f":{"0":4,"1":4,"2":6},"b":{},"_coverageSchema":"1a1c01bbd47fc00a2c39e90264f33305004495a9","hash":"2d3d7183a7a0e9bf24eb1a16f1c77e7a3893788f"}
,"/Users/rehan/Documents/HACKTIV8/IP/ip-RehanNarwindo/server/routers/home.js": {"path":"/Users/rehan/Documents/HACKTIV8/IP/ip-RehanNarwindo/server/routers/home.js","statementMap":{"0":{"start":{"line":1,"column":16},"end":{"line":1,"column":34}},"1":{"start":{"line":2,"column":15},"end":{"line":2,"column":31}},"2":{"start":{"line":4,"column":23},"end":{"line":4,"column":63}},"3":{"start":{"line":6,"column":0},"end":{"line":6,"column":47}},"4":{"start":{"line":7,"column":0},"end":{"line":7,"column":55}},"5":{"start":{"line":8,"column":0},"end":{"line":8,"column":24}}},"fnMap":{},"branchMap":{},"s":{"0":4,"1":4,"2":4,"3":4,"4":4,"5":4},"f":{},"b":{},"_coverageSchema":"1a1c01bbd47fc00a2c39e90264f33305004495a9","hash":"64c3e76b28eec93086ec1401acb89af248a1f48a"}
,"/Users/rehan/Documents/HACKTIV8/IP/ip-RehanNarwindo/server/routers/index.js": {"path":"/Users/rehan/Documents/HACKTIV8/IP/ip-RehanNarwindo/server/routers/index.js","statementMap":{"0":{"start":{"line":1,"column":16},"end":{"line":1,"column":34}},"1":{"start":{"line":2,"column":15},"end":{"line":2,"column":31}},"2":{"start":{"line":4,"column":23},"end":{"line":4,"column":63}},"3":{"start":{"line":5,"column":13},"end":{"line":5,"column":30}},"4":{"start":{"line":6,"column":15},"end":{"line":6,"column":34}},"5":{"start":{"line":7,"column":23},"end":{"line":7,"column":63}},"6":{"start":{"line":8,"column":20},"end":{"line":8,"column":44}},"7":{"start":{"line":10,"column":0},"end":{"line":10,"column":26}},"8":{"start":{"line":11,"column":0},"end":{"line":11,"column":44}},"9":{"start":{"line":12,"column":0},"end":{"line":12,"column":50}},"10":{"start":{"line":13,"column":0},"end":{"line":13,"column":58}},"11":{"start":{"line":15,"column":0},"end":{"line":15,"column":46}},"12":{"start":{"line":16,"column":0},"end":{"line":16,"column":56}},"13":{"start":{"line":18,"column":0},"end":{"line":18,"column":24}}},"fnMap":{},"branchMap":{},"s":{"0":4,"1":4,"2":4,"3":4,"4":4,"5":4,"6":4,"7":4,"8":4,"9":4,"10":4,"11":4,"12":4,"13":4},"f":{},"b":{},"_coverageSchema":"1a1c01bbd47fc00a2c39e90264f33305004495a9","hash":"99558881e18072fedf3868e6b3f9096fd99fcdfe"}
,"/Users/rehan/Documents/HACKTIV8/IP/ip-RehanNarwindo/server/routers/myClub.js": {"path":"/Users/rehan/Documents/HACKTIV8/IP/ip-RehanNarwindo/server/routers/myClub.js","statementMap":{"0":{"start":{"line":1,"column":16},"end":{"line":1,"column":34}},"1":{"start":{"line":2,"column":15},"end":{"line":2,"column":31}},"2":{"start":{"line":4,"column":26},"end":{"line":4,"column":68}},"3":{"start":{"line":6,"column":0},"end":{"line":6,"column":42}},"4":{"start":{"line":7,"column":0},"end":{"line":7,"column":49}},"5":{"start":{"line":8,"column":0},"end":{"line":8,"column":54}},"6":{"start":{"line":9,"column":0},"end":{"line":9,"column":60}},"7":{"start":{"line":11,"column":0},"end":{"line":11,"column":24}}},"fnMap":{},"branchMap":{},"s":{"0":4,"1":4,"2":4,"3":4,"4":4,"5":4,"6":4,"7":4},"f":{},"b":{},"_coverageSchema":"1a1c01bbd47fc00a2c39e90264f33305004495a9","hash":"716c37d5719e69f91c65133c2825558befaf3e15"}
,"/Users/rehan/Documents/HACKTIV8/IP/ip-RehanNarwindo/server/routers/myDreamClub.js": {"path":"/Users/rehan/Documents/HACKTIV8/IP/ip-RehanNarwindo/server/routers/myDreamClub.js","statementMap":{"0":{"start":{"line":1,"column":16},"end":{"line":1,"column":34}},"1":{"start":{"line":2,"column":15},"end":{"line":2,"column":31}},"2":{"start":{"line":4,"column":31},"end":{"line":4,"column":78}},"3":{"start":{"line":6,"column":0},"end":{"line":6,"column":55}},"4":{"start":{"line":7,"column":0},"end":{"line":7,"column":59}},"5":{"start":{"line":8,"column":0},"end":{"line":8,"column":64}},"6":{"start":{"line":9,"column":0},"end":{"line":9,"column":66}},"7":{"start":{"line":10,"column":0},"end":{"line":10,"column":73}},"8":{"start":{"line":11,"column":0},"end":{"line":11,"column":60}},"9":{"start":{"line":13,"column":0},"end":{"line":13,"column":24}}},"fnMap":{},"branchMap":{},"s":{"0":4,"1":4,"2":4,"3":4,"4":4,"5":4,"6":4,"7":4,"8":4,"9":4},"f":{},"b":{},"_coverageSchema":"1a1c01bbd47fc00a2c39e90264f33305004495a9","hash":"2e08f6cd407016def53a8c1cf20b2eab3e8d63f8"}
}
