TN:
SF:app.js
FNF:0
FNH:0
DA:1,4
DA:2,4
DA:4,4
DA:5,4
DA:6,4
DA:7,4
DA:8,4
DA:9,4
DA:11,4
DA:12,4
DA:13,4
DA:16,4
DA:17,4
DA:23,4
LF:14
LH:14
BRDA:1,0,0,4
BRDA:1,0,1,0
BRF:2
BRH:1
end_of_record
TN:
SF:controllers/HomeController.js
FN:5,(anonymous_0)
FN:32,(anonymous_1)
FNF:2
FNH:2
FNDA:2,(anonymous_0)
FNDA:1,(anonymous_1)
DA:1,4
DA:2,4
DA:6,2
DA:7,2
DA:8,2
DA:9,1
DA:11,1
DA:13,2
DA:27,2
DA:29,0
DA:33,1
DA:34,1
DA:49,1
DA:51,0
DA:56,4
LF:15
LH:13
BRDA:8,0,0,1
BRDA:8,0,1,1
BRF:2
BRH:2
end_of_record
TN:
SF:controllers/MyClubController.js
FN:6,(anonymous_0)
FN:51,(anonymous_1)
FN:74,(anonymous_2)
FN:106,(anonymous_3)
FNF:4
FNH:4
FNDA:3,(anonymous_0)
FNDA:1,(anonymous_1)
FNDA:1,(anonymous_2)
FNDA:3,(anonymous_3)
DA:1,4
DA:2,4
DA:3,4
DA:7,3
DA:8,3
DA:13,3
DA:14,2
DA:15,2
DA:18,1
DA:31,1
DA:44,1
DA:52,1
DA:53,1
DA:68,1
DA:70,0
DA:75,1
DA:76,1
DA:77,1
DA:78,1
DA:91,1
DA:92,0
DA:94,1
DA:100,1
DA:102,0
DA:107,3
DA:108,3
DA:113,3
DA:114,1
DA:116,2
DA:117,1
DA:119,1
DA:124,1
DA:128,2
DA:133,4
LF:34
LH:31
BRDA:13,0,0,2
BRDA:13,0,1,1
BRDA:91,1,0,0
BRDA:91,1,1,1
BRDA:113,2,0,1
BRDA:113,2,1,2
BRDA:116,3,0,1
BRDA:116,3,1,1
BRF:8
BRH:7
end_of_record
TN:
SF:controllers/MyDreamClubController.js
FN:11,(anonymous_0)
FN:61,(anonymous_1)
FN:81,(anonymous_2)
FN:107,(anonymous_3)
FN:133,(anonymous_4)
FN:156,(anonymous_5)
FNF:6
FNH:5
FNDA:3,(anonymous_0)
FNDA:2,(anonymous_1)
FNDA:1,(anonymous_2)
FNDA:0,(anonymous_3)
FNDA:1,(anonymous_4)
FNDA:2,(anonymous_5)
DA:1,4
DA:2,4
DA:3,4
DA:4,4
DA:6,4
DA:12,3
DA:13,3
DA:14,3
DA:15,3
DA:16,3
DA:18,3
DA:19,2
DA:22,1
DA:29,1
DA:42,1
DA:43,11
DA:44,11
DA:53,1
DA:57,2
DA:62,2
DA:74,2
DA:75,1
DA:77,1
DA:82,1
DA:83,1
DA:88,1
DA:89,0
DA:91,1
DA:92,0
DA:94,1
DA:99,1
DA:103,0
DA:108,0
DA:109,0
DA:113,0
DA:115,0
DA:116,0
DA:119,0
DA:125,0
DA:127,0
DA:129,0
DA:134,1
DA:135,1
DA:150,1
DA:152,0
DA:157,2
DA:158,2
DA:159,2
DA:160,2
DA:165,2
DA:166,1
DA:169,1
DA:181,1
DA:182,0
DA:185,1
DA:198,1
DA:202,1
DA:207,4
LF:58
LH:44
BRDA:18,0,0,2
BRDA:18,0,1,1
BRDA:18,1,0,3
BRDA:18,1,1,1
BRDA:18,1,2,1
BRDA:74,2,0,1
BRDA:74,2,1,1
BRDA:88,3,0,0
BRDA:88,3,1,1
BRDA:91,4,0,0
BRDA:91,4,1,1
BRDA:115,5,0,0
BRDA:115,5,1,0
BRDA:165,6,0,1
BRDA:165,6,1,1
BRDA:181,7,0,0
BRDA:181,7,1,1
BRF:17
BRH:12
end_of_record
TN:
SF:controllers/UserController.js
FN:13,(anonymous_0)
FN:44,(anonymous_1)
FN:61,(anonymous_2)
FNF:3
FNH:2
FNDA:6,(anonymous_0)
FNDA:8,(anonymous_1)
FNDA:0,(anonymous_2)
DA:1,4
DA:2,4
DA:3,4
DA:4,4
DA:5,4
DA:6,4
DA:7,4
DA:11,4
DA:14,6
DA:15,6
DA:16,6
DA:17,2
DA:19,4
DA:20,1
DA:22,3
DA:27,3
DA:28,1
DA:30,2
DA:31,2
DA:32,1
DA:34,1
DA:38,1
DA:39,1
DA:41,5
DA:45,8
DA:46,8
DA:47,8
DA:52,1
DA:58,7
DA:62,0
DA:63,0
DA:67,0
DA:69,0
DA:79,0
DA:85,0
DA:89,0
DA:90,0
DA:92,0
DA:97,4
LF:39
LH:30
BRDA:16,0,0,2
BRDA:16,0,1,4
BRDA:19,1,0,1
BRDA:19,1,1,3
BRDA:27,2,0,1
BRDA:27,2,1,2
BRDA:31,3,0,1
BRDA:31,3,1,1
BRF:8
BRH:8
end_of_record
TN:
SF:helpers/bcryptPw.js
FN:3,hashPassword
FN:8,comparePassword
FNF:2
FNH:1
FNDA:0,hashPassword
FNDA:2,comparePassword
DA:1,4
DA:4,0
DA:5,0
DA:6,0
DA:9,2
DA:12,4
LF:6
LH:3
BRF:0
BRH:0
end_of_record
TN:
SF:helpers/jwt.js
FN:3,createToken
FN:6,verifToken
FNF:2
FNH:2
FNDA:5,createToken
FNDA:17,verifToken
DA:1,4
DA:2,4
DA:4,5
DA:7,17
DA:10,4
LF:5
LH:5
BRF:0
BRH:0
end_of_record
TN:
SF:helpers/transfermarkt.js
FNF:0
FNH:0
DA:1,4
DA:3,4
DA:8,4
LF:3
LH:3
BRF:0
BRH:0
end_of_record
TN:
SF:middlewares/authentication.js
FN:4,authentication
FNF:1
FNH:1
FNDA:17,authentication
DA:1,4
DA:2,4
DA:4,4
DA:5,17
DA:6,17
DA:7,17
DA:8,0
DA:10,17
DA:11,17
DA:12,0
DA:14,17
DA:16,17
DA:17,17
DA:18,0
DA:21,17
DA:26,17
DA:28,0
LF:17
LH:13
BRDA:7,0,0,0
BRDA:7,0,1,17
BRDA:11,1,0,0
BRDA:11,1,1,17
BRDA:17,2,0,0
BRDA:17,2,1,17
BRF:6
BRH:3
end_of_record
TN:
SF:middlewares/errorHandler.js
FN:1,errorHandler
FNF:1
FNH:1
FNDA:17,errorHandler
DA:1,4
DA:2,17
DA:3,17
DA:5,17
DA:7,0
DA:8,0
DA:9,0
DA:12,7
DA:13,7
DA:14,7
DA:16,0
DA:17,0
DA:18,0
DA:20,2
DA:21,2
DA:22,2
DA:24,1
DA:25,1
DA:26,1
DA:28,2
DA:29,2
DA:30,2
DA:32,0
DA:33,0
DA:34,0
DA:36,1
DA:37,1
DA:38,1
DA:40,1
DA:41,1
DA:42,1
DA:44,2
DA:45,2
DA:46,2
DA:48,0
DA:49,0
DA:50,0
DA:52,0
DA:53,0
DA:54,0
DA:56,1
DA:57,1
DA:58,1
DA:60,17
LF:44
LH:29
BRDA:2,0,0,17
BRDA:2,0,1,17
BRDA:3,1,0,17
BRDA:3,1,1,10
BRDA:5,2,0,0
BRDA:5,2,1,0
BRDA:5,2,2,7
BRDA:5,2,3,0
BRDA:5,2,4,2
BRDA:5,2,5,1
BRDA:5,2,6,2
BRDA:5,2,7,0
BRDA:5,2,8,1
BRDA:5,2,9,1
BRDA:5,2,10,2
BRDA:5,2,11,0
BRDA:5,2,12,0
BRDA:5,2,13,1
BRF:18
BRH:12
end_of_record
TN:
SF:models/index.js
FN:25,(anonymous_0)
FN:33,(anonymous_1)
FN:41,(anonymous_2)
FNF:3
FNH:3
FNDA:20,(anonymous_0)
FNDA:16,(anonymous_1)
FNDA:16,(anonymous_2)
DA:3,4
DA:4,4
DA:5,4
DA:6,4
DA:7,4
DA:8,4
DA:9,4
DA:10,4
DA:13,4
DA:14,0
DA:16,4
DA:24,4
DA:26,20
DA:34,16
DA:38,16
DA:41,4
DA:42,16
DA:43,16
DA:47,4
DA:48,4
DA:50,4
LF:21
LH:20
BRDA:8,0,0,4
BRDA:8,0,1,0
BRDA:13,1,0,0
BRDA:13,1,1,4
BRDA:27,2,0,20
BRDA:27,2,1,20
BRDA:27,2,2,16
BRDA:27,2,3,16
BRDA:42,3,0,16
BRDA:42,3,1,0
BRF:10
BRH:7
end_of_record
TN:
SF:models/myclub.js
FN:3,(anonymous_0)
FN:10,(anonymous_1)
FNF:2
FNH:2
FNDA:4,(anonymous_0)
FNDA:4,(anonymous_1)
DA:2,4
DA:3,4
DA:12,4
DA:15,4
DA:27,4
LF:5
LH:5
BRF:0
BRH:0
end_of_record
TN:
SF:models/mydreamclub.js
FN:3,(anonymous_0)
FN:10,(anonymous_1)
FNF:2
FNH:2
FNDA:4,(anonymous_0)
FNDA:4,(anonymous_1)
DA:2,4
DA:3,4
DA:12,4
DA:13,4
DA:19,4
DA:31,4
LF:6
LH:6
BRF:0
BRH:0
end_of_record
TN:
SF:models/myplayerslist.js
FN:3,(anonymous_0)
FN:10,(anonymous_1)
FNF:2
FNH:2
FNDA:4,(anonymous_0)
FNDA:4,(anonymous_1)
DA:2,4
DA:3,4
DA:12,4
DA:17,4
DA:31,4
LF:5
LH:5
BRF:0
BRH:0
end_of_record
TN:
SF:models/user.js
FN:4,(anonymous_0)
FN:11,(anonymous_1)
FN:74,(anonymous_2)
FNF:3
FNH:3
FNDA:4,(anonymous_0)
FNDA:4,(anonymous_1)
FNDA:6,(anonymous_2)
DA:2,4
DA:3,4
DA:4,4
DA:13,4
DA:17,4
DA:23,4
DA:75,6
DA:76,6
DA:83,4
LF:9
LH:9
BRF:0
BRH:0
end_of_record
TN:
SF:routers/home.js
FNF:0
FNH:0
DA:1,4
DA:2,4
DA:4,4
DA:6,4
DA:7,4
DA:8,4
LF:6
LH:6
BRF:0
BRH:0
end_of_record
TN:
SF:routers/index.js
FNF:0
FNH:0
DA:1,4
DA:2,4
DA:4,4
DA:5,4
DA:6,4
DA:7,4
DA:8,4
DA:10,4
DA:11,4
DA:12,4
DA:13,4
DA:15,4
DA:16,4
DA:18,4
LF:14
LH:14
BRF:0
BRH:0
end_of_record
TN:
SF:routers/myClub.js
FNF:0
FNH:0
DA:1,4
DA:2,4
DA:4,4
DA:6,4
DA:7,4
DA:8,4
DA:9,4
DA:11,4
LF:8
LH:8
BRF:0
BRH:0
end_of_record
TN:
SF:routers/myDreamClub.js
FNF:0
FNH:0
DA:1,4
DA:2,4
DA:4,4
DA:6,4
DA:7,4
DA:8,4
DA:9,4
DA:10,4
DA:11,4
DA:13,4
LF:10
LH:10
BRF:0
BRH:0
end_of_record
